<?xml version="1.0" encoding="UTF-8"?>
<!-- Generated by org.testng.reporters.JUnitXMLReporter -->
<testsuite ignored="0" hostname="Sohail" failures="0" tests="6" name="Default test" time="0.058" errors="0" timestamp="2024-05-21T20:55:16 IST">
  <testcase classname="com.TestNG.Annotations1" name="DraftsMailTest" time="0.006"/>
  <testcase classname="com.TestNG.Annotations1" name="LogInTest" time="0.001"/>
  <testcase classname="com.TestNG.Annotations1" name="composeMailTest" time="0.001"/>
  <testcase classname="com.TestNG.Annotations1" name="gmailApplicationClose" time="0.0"/>
  <testcase classname="com.TestNG.Annotations1" name="gmailApplicationLaunch" time="0.0"/>
  <testcase classname="com.TestNG.Annotations1" name="sentMailTest" time="0.002"/>
</testsuite> <!-- Default test -->
