<?xml version="1.0" encoding="UTF-8"?>
<testng-results ignored="0" total="6" passed="6" failed="0" skipped="0">
  <reporter-output>
  </reporter-output>
  <suite started-at="2024-05-21T20:55:15 IST" name="Default suite" finished-at="2024-05-21T20:55:16 IST" duration-ms="58">
    <groups>
    </groups>
    <test started-at="2024-05-21T20:55:15 IST" name="Default test" finished-at="2024-05-21T20:55:16 IST" duration-ms="58">
      <class name="com.TestNG.Annotations1">
        <test-method signature="DraftsMailTest()[pri:0, instance:com.TestNG.Annotations1@4b5d6a01]" started-at="2024-05-21T20:55:16 IST" name="DraftsMailTest" finished-at="2024-05-21T20:55:16 IST" duration-ms="6" status="PASS">
          <reporter-output>
          </reporter-output>
        </test-method> <!-- DraftsMailTest -->
        <test-method signature="LogInTest()[pri:0, instance:com.TestNG.Annotations1@4b5d6a01]" started-at="2024-05-21T20:55:16 IST" name="LogInTest" finished-at="2024-05-21T20:55:16 IST" duration-ms="1" status="PASS">
          <reporter-output>
          </reporter-output>
        </test-method> <!-- LogInTest -->
        <test-method signature="composeMailTest()[pri:0, instance:com.TestNG.Annotations1@4b5d6a01]" started-at="2024-05-21T20:55:16 IST" name="composeMailTest" finished-at="2024-05-21T20:55:16 IST" duration-ms="1" status="PASS">
          <reporter-output>
          </reporter-output>
        </test-method> <!-- composeMailTest -->
        <test-method signature="gmailApplicationClose()[pri:0, instance:com.TestNG.Annotations1@4b5d6a01]" started-at="2024-05-21T20:55:16 IST" name="gmailApplicationClose" finished-at="2024-05-21T20:55:16 IST" duration-ms="0" status="PASS">
          <reporter-output>
          </reporter-output>
        </test-method> <!-- gmailApplicationClose -->
        <test-method signature="gmailApplicationLaunch()[pri:0, instance:com.TestNG.Annotations1@4b5d6a01]" started-at="2024-05-21T20:55:16 IST" name="gmailApplicationLaunch" finished-at="2024-05-21T20:55:16 IST" duration-ms="0" status="PASS">
          <reporter-output>
          </reporter-output>
        </test-method> <!-- gmailApplicationLaunch -->
        <test-method signature="sentMailTest()[pri:0, instance:com.TestNG.Annotations1@4b5d6a01]" started-at="2024-05-21T20:55:16 IST" name="sentMailTest" finished-at="2024-05-21T20:55:16 IST" duration-ms="2" status="PASS">
          <reporter-output>
          </reporter-output>
        </test-method> <!-- sentMailTest -->
      </class> <!-- com.TestNG.Annotations1 -->
    </test> <!-- Default test -->
  </suite> <!-- Default suite -->
</testng-results>
